<?xml version="1.0" encoding="UTF-8"?>
<!-- Generated by org.testng.reporters.JUnitXMLReporter -->
<testsuite hostname="riskuma1" name="Sample test" tests="12" failures="0" timestamp="18 Apr 2019 12:26:35 GMT" time="0.129" errors="0">
  <testcase name="Div" time="0.015" classname="maven.MavenDemoTest.DemoTest"/>
  <testcase name="Mul" time="0.008" classname="maven.MavenDemoTest.DemoTest"/>
  <testcase name="Sub" time="0.0" classname="maven.MavenDemoTest.DemoTest"/>
  <testcase name="Sum" time="0.0" classname="maven.MavenDemoTest.DemoTest"/>
  <testcase name="Div" time="0.002" classname="maven.MavenDemoTest.DemoTest1"/>
  <testcase name="Mul" time="0.0" classname="maven.MavenDemoTest.DemoTest1"/>
  <testcase name="Sub" time="0.0" classname="maven.MavenDemoTest.DemoTest1"/>
  <testcase name="Sum" time="0.016" classname="maven.MavenDemoTest.DemoTest1"/>
  <testcase name="Div" time="0.0" classname="maven.MavenDemoTest.DemoTest2"/>
  <testcase name="Mul" time="0.0" classname="maven.MavenDemoTest.DemoTest2"/>
  <testcase name="Sub" time="0.015" classname="maven.MavenDemoTest.DemoTest2"/>
  <testcase name="Sum" time="0.0" classname="maven.MavenDemoTest.DemoTest2"/>
</testsuite> <!-- Sample test -->
