<?xml version="1.0" encoding="UTF-8"?>
<!-- Generated by org.testng.reporters.JUnitXMLReporter -->
<testsuite hostname="riskuma1" name="Default test" tests="4" failures="0" timestamp="18 Apr 2019 07:10:54 GMT" time="0.058" errors="0">
  <testcase name="Div" time="0.031" classname="maven.MavenDemoTest.Demo"/>
  <testcase name="Mul" time="0.0" classname="maven.MavenDemoTest.Demo"/>
  <testcase name="Sub" time="0.0" classname="maven.MavenDemoTest.Demo"/>
  <testcase name="Sum" time="0.0" classname="maven.MavenDemoTest.Demo"/>
</testsuite> <!-- Default test -->
