<?xml version="1.0" encoding="UTF-8"?>
<testng-results skipped="0" failed="0" total="12" passed="12">
  <reporter-output>
  </reporter-output>
  <suite name="Sample test Suite" duration-ms="40" started-at="2019-04-19T12:05:04Z" finished-at="2019-04-19T12:05:04Z">
    <groups>
    </groups>
    <test name="Sample test" duration-ms="40" started-at="2019-04-19T12:05:04Z" finished-at="2019-04-19T12:05:04Z">
      <class name="maven.MavenDemoTest.DemoTest">
        <test-method status="PASS" signature="Div()[pri:0, instance:maven.MavenDemoTest.DemoTest@327471b5]" name="Div" duration-ms="12" started-at="2019-04-19T17:35:04Z" finished-at="2019-04-19T17:35:04Z">
          <reporter-output>
          </reporter-output>
        </test-method> <!-- Div -->
        <test-method status="PASS" signature="Mul()[pri:0, instance:maven.MavenDemoTest.DemoTest@327471b5]" name="Mul" duration-ms="0" started-at="2019-04-19T17:35:04Z" finished-at="2019-04-19T17:35:04Z">
          <reporter-output>
          </reporter-output>
        </test-method> <!-- Mul -->
        <test-method status="PASS" signature="Sum()[pri:0, instance:maven.MavenDemoTest.DemoTest@327471b5]" name="Sum" duration-ms="0" started-at="2019-04-19T17:35:04Z" finished-at="2019-04-19T17:35:04Z">
          <reporter-output>
          </reporter-output>
        </test-method> <!-- Sum -->
        <test-method status="PASS" signature="Sub()[pri:0, instance:maven.MavenDemoTest.DemoTest@327471b5]" name="Sub" duration-ms="0" started-at="2019-04-19T17:35:04Z" finished-at="2019-04-19T17:35:04Z">
          <reporter-output>
          </reporter-output>
        </test-method> <!-- Sub -->
      </class> <!-- maven.MavenDemoTest.DemoTest -->
      <class name="maven.MavenDemoTest.DemoTest2">
        <test-method status="PASS" signature="Div()[pri:0, instance:maven.MavenDemoTest.DemoTest2@180bc464]" name="Div" duration-ms="1" started-at="2019-04-19T17:35:04Z" finished-at="2019-04-19T17:35:04Z">
          <reporter-output>
          </reporter-output>
        </test-method> <!-- Div -->
        <test-method status="PASS" signature="Mul()[pri:0, instance:maven.MavenDemoTest.DemoTest2@180bc464]" name="Mul" duration-ms="1" started-at="2019-04-19T17:35:04Z" finished-at="2019-04-19T17:35:04Z">
          <reporter-output>
          </reporter-output>
        </test-method> <!-- Mul -->
        <test-method status="PASS" signature="Sub()[pri:0, instance:maven.MavenDemoTest.DemoTest2@180bc464]" name="Sub" duration-ms="0" started-at="2019-04-19T17:35:04Z" finished-at="2019-04-19T17:35:04Z">
          <reporter-output>
          </reporter-output>
        </test-method> <!-- Sub -->
        <test-method status="PASS" signature="Sum()[pri:0, instance:maven.MavenDemoTest.DemoTest2@180bc464]" name="Sum" duration-ms="2" started-at="2019-04-19T17:35:04Z" finished-at="2019-04-19T17:35:04Z">
          <reporter-output>
          </reporter-output>
        </test-method> <!-- Sum -->
      </class> <!-- maven.MavenDemoTest.DemoTest2 -->
      <class name="maven.MavenDemoTest.DemoTest1">
        <test-method status="PASS" signature="Div()[pri:0, instance:maven.MavenDemoTest.DemoTest1@4157f54e]" name="Div" duration-ms="6" started-at="2019-04-19T17:35:04Z" finished-at="2019-04-19T17:35:04Z">
          <reporter-output>
          </reporter-output>
        </test-method> <!-- Div -->
        <test-method status="PASS" signature="Mul()[pri:0, instance:maven.MavenDemoTest.DemoTest1@4157f54e]" name="Mul" duration-ms="1" started-at="2019-04-19T17:35:04Z" finished-at="2019-04-19T17:35:04Z">
          <reporter-output>
          </reporter-output>
        </test-method> <!-- Mul -->
        <test-method status="PASS" signature="Sub()[pri:0, instance:maven.MavenDemoTest.DemoTest1@4157f54e]" name="Sub" duration-ms="0" started-at="2019-04-19T17:35:04Z" finished-at="2019-04-19T17:35:04Z">
          <reporter-output>
          </reporter-output>
        </test-method> <!-- Sub -->
        <test-method status="PASS" signature="Sum()[pri:0, instance:maven.MavenDemoTest.DemoTest1@4157f54e]" name="Sum" duration-ms="1" started-at="2019-04-19T17:35:04Z" finished-at="2019-04-19T17:35:04Z">
          <reporter-output>
          </reporter-output>
        </test-method> <!-- Sum -->
      </class> <!-- maven.MavenDemoTest.DemoTest1 -->
    </test> <!-- Sample test -->
  </suite> <!-- Sample test Suite -->
</testng-results>
